2019-05-06T20:44:24+00:00 INFO Generating payment form for order 490. Notify URL: http://david.raleche.com/wc-api/WC_Gateway_Paypal/
2019-05-06T20:44:24+00:00 INFO PayPal Request Args for order 490: Array
(
    [cmd] => _cart
    [business] => davidraleche@gmail.com
    [no_note] => 1
    [currency_code] => USD
    [charset] => utf-8
    [rm] => 1
    [upload] => 1
    [return] => http://david.raleche.com/checkout/order-received/490/?key=wc_order_5cd09ca7ebcbb&utm_nooverride=1
    [cancel_return] => http://david.raleche.com/cart/?cancel_order=true&order=wc_order_5cd09ca7ebcbb&order_id=490&redirect&_wpnonce=6585c7ce81
    [page_style] => 
    [image_url] => 
    [paymentaction] => sale
    [bn] => WooThemes_Cart
    [invoice] => WC-490
    [custom] => {"order_id":490,"order_key":"wc_order_5cd09ca7ebcbb"}
    [notify_url] => http://david.raleche.com/wc-api/WC_Gateway_Paypal/
    [first_name] => ***
    [last_name] => ***
    [address1] => ***
    [address2] => ***
    [city] => ***
    [state] => ***
    [zip] => ***
    [country] => ***
    [email] => ***@***
    [night_phone_a] => ***
    [night_phone_b] => ***
    [night_phone_c] => ***
    [no_shipping] => 1
    [tax_cart] => 0.00
    [item_name_1] => Consulting your web business
    [quantity_1] => 1
    [amount_1] => 99
    [item_number_1] => 
)

2019-05-06T21:02:44+00:00 INFO Generating payment form for order 491. Notify URL: http://david.raleche.com/wc-api/WC_Gateway_Paypal/
2019-05-06T21:02:44+00:00 INFO PayPal Request Args for order 491: Array
(
    [cmd] => _cart
    [business] => davidraleche@gmail.com
    [no_note] => 1
    [currency_code] => USD
    [charset] => utf-8
    [rm] => 1
    [upload] => 1
    [return] => http://david.raleche.com/checkout/order-received/491/?key=wc_order_5cd0a0f40be75&utm_nooverride=1
    [cancel_return] => http://david.raleche.com/cart/?cancel_order=true&order=wc_order_5cd0a0f40be75&order_id=491&redirect&_wpnonce=8b4288c80a
    [page_style] => 
    [image_url] => 
    [paymentaction] => sale
    [bn] => WooThemes_Cart
    [invoice] => WC-491
    [custom] => {"order_id":491,"order_key":"wc_order_5cd0a0f40be75"}
    [notify_url] => http://david.raleche.com/wc-api/WC_Gateway_Paypal/
    [first_name] => ***
    [last_name] => ***
    [address1] => ***
    [address2] => ***
    [city] => ***
    [state] => ***
    [zip] => ***
    [country] => ***
    [email] => ***@***
    [night_phone_a] => ***
    [night_phone_b] => ***
    [night_phone_c] => ***
    [no_shipping] => 1
    [tax_cart] => 0.00
    [item_name_1] => Donation
    [quantity_1] => 1
    [amount_1] => 1
    [item_number_1] => 
)

2019-05-06T21:03:38+00:00 INFO Checking IPN response is valid
2019-05-06T21:03:38+00:00 INFO IPN Response: WP_Error Object
(
    [errors] => Array
        (
            [http_request_failed] => Array
                (
                    [0] => cURL error 6: Could not resolve host: www.paypal.com
                )

        )

    [error_data] => Array
        (
        )

)

2019-05-06T21:03:38+00:00 INFO Received invalid response from PayPal IPN
2019-05-06T21:03:38+00:00 INFO Error response: cURL error 6: Could not resolve host: www.paypal.com
2019-05-06T21:03:48+00:00 INFO Checking IPN response is valid
2019-05-06T21:03:48+00:00 INFO IPN Response: WP_Error Object
(
    [errors] => Array
        (
            [http_request_failed] => Array
                (
                    [0] => cURL error 6: Could not resolve host: www.paypal.com
                )

        )

    [error_data] => Array
        (
        )

)

2019-05-06T21:03:48+00:00 INFO Received invalid response from PayPal IPN
2019-05-06T21:03:48+00:00 INFO Error response: cURL error 6: Could not resolve host: www.paypal.com
2019-05-06T21:04:08+00:00 INFO Checking IPN response is valid
2019-05-06T21:04:08+00:00 INFO IPN Response: WP_Error Object
(
    [errors] => Array
        (
            [http_request_failed] => Array
                (
                    [0] => cURL error 6: Could not resolve host: www.paypal.com
                )

        )

    [error_data] => Array
        (
        )

)

2019-05-06T21:04:08+00:00 INFO Received invalid response from PayPal IPN
2019-05-06T21:04:08+00:00 INFO Error response: cURL error 6: Could not resolve host: www.paypal.com
2019-05-06T21:04:48+00:00 INFO Checking IPN response is valid
2019-05-06T21:04:48+00:00 INFO IPN Response: WP_Error Object
(
    [errors] => Array
        (
            [http_request_failed] => Array
                (
                    [0] => cURL error 6: Could not resolve host: www.paypal.com
                )

        )

    [error_data] => Array
        (
        )

)

2019-05-06T21:04:48+00:00 INFO Received invalid response from PayPal IPN
2019-05-06T21:04:48+00:00 INFO Error response: cURL error 6: Could not resolve host: www.paypal.com
2019-05-06T21:05:37+00:00 INFO Generating payment form for order 492. Notify URL: http://david.raleche.com/wc-api/WC_Gateway_Paypal/
2019-05-06T21:05:37+00:00 INFO PayPal Request Args for order 492: Array
(
    [cmd] => _cart
    [business] => davidraleche@gmail.com
    [no_note] => 1
    [currency_code] => USD
    [charset] => utf-8
    [rm] => 1
    [upload] => 1
    [return] => http://david.raleche.com/checkout/order-received/492/?key=wc_order_5cd0a1a0f10a9&utm_nooverride=1
    [cancel_return] => http://david.raleche.com/cart/?cancel_order=true&order=wc_order_5cd0a1a0f10a9&order_id=492&redirect&_wpnonce=8b4288c80a
    [page_style] => 
    [image_url] => 
    [paymentaction] => sale
    [bn] => WooThemes_Cart
    [invoice] => WC-492
    [custom] => {"order_id":492,"order_key":"wc_order_5cd0a1a0f10a9"}
    [notify_url] => http://david.raleche.com/wc-api/WC_Gateway_Paypal/
    [first_name] => ***
    [last_name] => ***
    [address1] => ***
    [address2] => ***
    [city] => ***
    [state] => ***
    [zip] => ***
    [country] => ***
    [email] => ***@***
    [night_phone_a] => ***
    [night_phone_b] => ***
    [night_phone_c] => ***
    [no_shipping] => 1
    [tax_cart] => 0.00
    [item_name_1] => Donation
    [quantity_1] => 1
    [amount_1] => 1
    [item_number_1] => 
)

2019-05-06T21:06:08+00:00 INFO Checking IPN response is valid
2019-05-06T21:06:08+00:00 INFO IPN Response: WP_Error Object
(
    [errors] => Array
        (
            [http_request_failed] => Array
                (
                    [0] => cURL error 6: Could not resolve host: www.paypal.com
                )

        )

    [error_data] => Array
        (
        )

)

2019-05-06T21:06:08+00:00 INFO Received invalid response from PayPal IPN
2019-05-06T21:06:08+00:00 INFO Error response: cURL error 6: Could not resolve host: www.paypal.com
2019-05-06T21:06:13+00:00 INFO Checking IPN response is valid
2019-05-06T21:06:13+00:00 INFO IPN Response: WP_Error Object
(
    [errors] => Array
        (
            [http_request_failed] => Array
                (
                    [0] => cURL error 6: Could not resolve host: www.paypal.com
                )

        )

    [error_data] => Array
        (
        )

)

2019-05-06T21:06:13+00:00 INFO Received invalid response from PayPal IPN
2019-05-06T21:06:13+00:00 INFO Error response: cURL error 6: Could not resolve host: www.paypal.com
2019-05-06T21:06:17+00:00 INFO Checking IPN response is valid
2019-05-06T21:06:17+00:00 INFO IPN Response: WP_Error Object
(
    [errors] => Array
        (
            [http_request_failed] => Array
                (
                    [0] => cURL error 6: Could not resolve host: www.paypal.com
                )

        )

    [error_data] => Array
        (
        )

)

2019-05-06T21:06:17+00:00 INFO Received invalid response from PayPal IPN
2019-05-06T21:06:17+00:00 INFO Error response: cURL error 6: Could not resolve host: www.paypal.com
2019-05-06T21:06:26+00:00 INFO Checking IPN response is valid
2019-05-06T21:06:26+00:00 INFO IPN Response: WP_Error Object
(
    [errors] => Array
        (
            [http_request_failed] => Array
                (
                    [0] => cURL error 6: Could not resolve host: www.paypal.com
                )

        )

    [error_data] => Array
        (
        )

)

2019-05-06T21:06:26+00:00 INFO Received invalid response from PayPal IPN
2019-05-06T21:06:26+00:00 INFO Error response: cURL error 6: Could not resolve host: www.paypal.com
2019-05-06T21:06:27+00:00 INFO Checking IPN response is valid
2019-05-06T21:06:27+00:00 INFO IPN Response: WP_Error Object
(
    [errors] => Array
        (
            [http_request_failed] => Array
                (
                    [0] => cURL error 6: Could not resolve host: www.paypal.com
                )

        )

    [error_data] => Array
        (
        )

)

2019-05-06T21:06:27+00:00 INFO Received invalid response from PayPal IPN
2019-05-06T21:06:27+00:00 INFO Error response: cURL error 6: Could not resolve host: www.paypal.com
2019-05-06T21:06:46+00:00 INFO Checking IPN response is valid
2019-05-06T21:06:46+00:00 INFO IPN Response: WP_Error Object
(
    [errors] => Array
        (
            [http_request_failed] => Array
                (
                    [0] => cURL error 6: Could not resolve host: www.paypal.com
                )

        )

    [error_data] => Array
        (
        )

)

2019-05-06T21:06:46+00:00 INFO Received invalid response from PayPal IPN
2019-05-06T21:06:46+00:00 INFO Error response: cURL error 6: Could not resolve host: www.paypal.com
2019-05-06T21:06:48+00:00 INFO Checking IPN response is valid
2019-05-06T21:06:48+00:00 INFO IPN Response: WP_Error Object
(
    [errors] => Array
        (
            [http_request_failed] => Array
                (
                    [0] => cURL error 6: Could not resolve host: www.paypal.com
                )

        )

    [error_data] => Array
        (
        )

)

2019-05-06T21:06:48+00:00 INFO Received invalid response from PayPal IPN
2019-05-06T21:06:48+00:00 INFO Error response: cURL error 6: Could not resolve host: www.paypal.com
2019-05-06T21:07:31+00:00 INFO Checking IPN response is valid
2019-05-06T21:07:31+00:00 INFO Checking IPN response is valid
2019-05-06T21:07:31+00:00 INFO IPN Response: WP_Error Object
(
    [errors] => Array
        (
            [http_request_failed] => Array
                (
                    [0] => cURL error 6: Could not resolve host: www.paypal.com
                )

        )

    [error_data] => Array
        (
        )

)

2019-05-06T21:07:31+00:00 INFO Received invalid response from PayPal IPN
2019-05-06T21:07:31+00:00 INFO Error response: cURL error 6: Could not resolve host: www.paypal.com
2019-05-06T21:07:31+00:00 INFO IPN Response: WP_Error Object
(
    [errors] => Array
        (
            [http_request_failed] => Array
                (
                    [0] => cURL error 6: Could not resolve host: www.paypal.com
                )

        )

    [error_data] => Array
        (
        )

)

2019-05-06T21:07:31+00:00 INFO Received invalid response from PayPal IPN
2019-05-06T21:07:31+00:00 INFO Error response: cURL error 6: Could not resolve host: www.paypal.com
2019-05-06T21:08:47+00:00 INFO Checking IPN response is valid
2019-05-06T21:08:47+00:00 INFO IPN Response: WP_Error Object
(
    [errors] => Array
        (
            [http_request_failed] => Array
                (
                    [0] => cURL error 6: Could not resolve host: www.paypal.com
                )

        )

    [error_data] => Array
        (
        )

)

2019-05-06T21:08:47+00:00 INFO Received invalid response from PayPal IPN
2019-05-06T21:08:47+00:00 INFO Error response: cURL error 6: Could not resolve host: www.paypal.com
2019-05-06T21:08:51+00:00 INFO Checking IPN response is valid
2019-05-06T21:08:51+00:00 INFO Checking IPN response is valid
2019-05-06T21:08:51+00:00 INFO IPN Response: WP_Error Object
(
    [errors] => Array
        (
            [http_request_failed] => Array
                (
                    [0] => cURL error 6: Could not resolve host: www.paypal.com
                )

        )

    [error_data] => Array
        (
        )

)

2019-05-06T21:08:51+00:00 INFO Received invalid response from PayPal IPN
2019-05-06T21:08:51+00:00 INFO Error response: cURL error 6: Could not resolve host: www.paypal.com
2019-05-06T21:08:51+00:00 INFO IPN Response: WP_Error Object
(
    [errors] => Array
        (
            [http_request_failed] => Array
                (
                    [0] => cURL error 6: Could not resolve host: www.paypal.com
                )

        )

    [error_data] => Array
        (
        )

)

2019-05-06T21:08:51+00:00 INFO Received invalid response from PayPal IPN
2019-05-06T21:08:51+00:00 INFO Error response: cURL error 6: Could not resolve host: www.paypal.com
2019-05-06T21:08:52+00:00 INFO Checking IPN response is valid
2019-05-06T21:08:52+00:00 INFO IPN Response: WP_Error Object
(
    [errors] => Array
        (
            [http_request_failed] => Array
                (
                    [0] => cURL error 6: Could not resolve host: www.paypal.com
                )

        )

    [error_data] => Array
        (
        )

)

2019-05-06T21:08:52+00:00 INFO Received invalid response from PayPal IPN
2019-05-06T21:08:52+00:00 INFO Error response: cURL error 6: Could not resolve host: www.paypal.com
2019-05-06T21:08:57+00:00 INFO Checking IPN response is valid
2019-05-06T21:08:57+00:00 INFO IPN Response: WP_Error Object
(
    [errors] => Array
        (
            [http_request_failed] => Array
                (
                    [0] => cURL error 6: Could not resolve host: www.paypal.com
                )

        )

    [error_data] => Array
        (
        )

)

2019-05-06T21:08:57+00:00 INFO Received invalid response from PayPal IPN
2019-05-06T21:08:57+00:00 INFO Error response: cURL error 6: Could not resolve host: www.paypal.com
2019-05-06T21:09:19+00:00 INFO Checking IPN response is valid
2019-05-06T21:09:19+00:00 INFO IPN Response: WP_Error Object
(
    [errors] => Array
        (
            [http_request_failed] => Array
                (
                    [0] => cURL error 6: Could not resolve host: www.paypal.com
                )

        )

    [error_data] => Array
        (
        )

)

2019-05-06T21:09:19+00:00 INFO Received invalid response from PayPal IPN
2019-05-06T21:09:19+00:00 INFO Error response: cURL error 6: Could not resolve host: www.paypal.com
2019-05-06T21:09:59+00:00 INFO Checking IPN response is valid
2019-05-06T21:09:59+00:00 INFO IPN Response: WP_Error Object
(
    [errors] => Array
        (
            [http_request_failed] => Array
                (
                    [0] => cURL error 6: Could not resolve host: www.paypal.com
                )

        )

    [error_data] => Array
        (
        )

)

2019-05-06T21:09:59+00:00 INFO Received invalid response from PayPal IPN
2019-05-06T21:09:59+00:00 INFO Error response: cURL error 6: Could not resolve host: www.paypal.com
2019-05-06T21:11:20+00:00 INFO Checking IPN response is valid
2019-05-06T21:11:20+00:00 INFO IPN Response: WP_Error Object
(
    [errors] => Array
        (
            [http_request_failed] => Array
                (
                    [0] => cURL error 6: Could not resolve host: www.paypal.com
                )

        )

    [error_data] => Array
        (
        )

)

2019-05-06T21:11:20+00:00 INFO Received invalid response from PayPal IPN
2019-05-06T21:11:20+00:00 INFO Error response: cURL error 6: Could not resolve host: www.paypal.com
2019-05-06T21:11:34+00:00 INFO Checking IPN response is valid
2019-05-06T21:11:34+00:00 INFO Checking IPN response is valid
2019-05-06T21:11:34+00:00 INFO IPN Response: WP_Error Object
(
    [errors] => Array
        (
            [http_request_failed] => Array
                (
                    [0] => cURL error 6: Could not resolve host: www.paypal.com
                )

        )

    [error_data] => Array
        (
        )

)

2019-05-06T21:11:34+00:00 INFO Received invalid response from PayPal IPN
2019-05-06T21:11:34+00:00 INFO Error response: cURL error 6: Could not resolve host: www.paypal.com
2019-05-06T21:11:34+00:00 INFO IPN Response: WP_Error Object
(
    [errors] => Array
        (
            [http_request_failed] => Array
                (
                    [0] => cURL error 6: Could not resolve host: www.paypal.com
                )

        )

    [error_data] => Array
        (
        )

)

2019-05-06T21:11:34+00:00 INFO Received invalid response from PayPal IPN
2019-05-06T21:11:34+00:00 INFO Error response: cURL error 6: Could not resolve host: www.paypal.com
2019-05-06T21:14:02+00:00 INFO Checking IPN response is valid
2019-05-06T21:14:02+00:00 INFO IPN Response: WP_Error Object
(
    [errors] => Array
        (
            [http_request_failed] => Array
                (
                    [0] => cURL error 6: Could not resolve host: www.paypal.com
                )

        )

    [error_data] => Array
        (
        )

)

2019-05-06T21:14:02+00:00 INFO Received invalid response from PayPal IPN
2019-05-06T21:14:02+00:00 INFO Error response: cURL error 6: Could not resolve host: www.paypal.com
2019-05-06T21:14:17+00:00 INFO Checking IPN response is valid
2019-05-06T21:14:17+00:00 INFO IPN Response: WP_Error Object
(
    [errors] => Array
        (
            [http_request_failed] => Array
                (
                    [0] => cURL error 6: Could not resolve host: www.paypal.com
                )

        )

    [error_data] => Array
        (
        )

)

2019-05-06T21:14:17+00:00 INFO Received invalid response from PayPal IPN
2019-05-06T21:14:17+00:00 INFO Error response: cURL error 6: Could not resolve host: www.paypal.com
2019-05-06T21:16:55+00:00 INFO Checking IPN response is valid
2019-05-06T21:16:55+00:00 INFO Checking IPN response is valid
2019-05-06T21:16:55+00:00 INFO IPN Response: WP_Error Object
(
    [errors] => Array
        (
            [http_request_failed] => Array
                (
                    [0] => cURL error 6: Could not resolve host: www.paypal.com
                )

        )

    [error_data] => Array
        (
        )

)

2019-05-06T21:16:55+00:00 INFO Received invalid response from PayPal IPN
2019-05-06T21:16:55+00:00 INFO Error response: cURL error 6: Could not resolve host: www.paypal.com
2019-05-06T21:16:55+00:00 INFO IPN Response: WP_Error Object
(
    [errors] => Array
        (
            [http_request_failed] => Array
                (
                    [0] => cURL error 6: Could not resolve host: www.paypal.com
                )

        )

    [error_data] => Array
        (
        )

)

2019-05-06T21:16:55+00:00 INFO Received invalid response from PayPal IPN
2019-05-06T21:16:55+00:00 INFO Error response: cURL error 6: Could not resolve host: www.paypal.com
2019-05-06T21:19:27+00:00 INFO Checking IPN response is valid
2019-05-06T21:19:27+00:00 INFO IPN Response: WP_Error Object
(
    [errors] => Array
        (
            [http_request_failed] => Array
                (
                    [0] => cURL error 6: Could not resolve host: www.paypal.com
                )

        )

    [error_data] => Array
        (
        )

)

2019-05-06T21:19:27+00:00 INFO Received invalid response from PayPal IPN
2019-05-06T21:19:27+00:00 INFO Error response: cURL error 6: Could not resolve host: www.paypal.com
2019-05-06T21:25:03+00:00 INFO Checking IPN response is valid
2019-05-06T21:25:03+00:00 INFO IPN Response: WP_Error Object
(
    [errors] => Array
        (
            [http_request_failed] => Array
                (
                    [0] => cURL error 6: Could not resolve host: www.paypal.com
                )

        )

    [error_data] => Array
        (
        )

)

2019-05-06T21:25:03+00:00 INFO Received invalid response from PayPal IPN
2019-05-06T21:25:03+00:00 INFO Error response: cURL error 6: Could not resolve host: www.paypal.com
2019-05-06T21:27:38+00:00 INFO Checking IPN response is valid
2019-05-06T21:27:38+00:00 INFO IPN Response: WP_Error Object
(
    [errors] => Array
        (
            [http_request_failed] => Array
                (
                    [0] => cURL error 6: Could not resolve host: www.paypal.com
                )

        )

    [error_data] => Array
        (
        )

)

2019-05-06T21:27:38+00:00 INFO Received invalid response from PayPal IPN
2019-05-06T21:27:38+00:00 INFO Error response: cURL error 6: Could not resolve host: www.paypal.com
2019-05-06T21:27:38+00:00 INFO Checking IPN response is valid
2019-05-06T21:27:38+00:00 INFO IPN Response: WP_Error Object
(
    [errors] => Array
        (
            [http_request_failed] => Array
                (
                    [0] => cURL error 6: Could not resolve host: www.paypal.com
                )

        )

    [error_data] => Array
        (
        )

)

2019-05-06T21:27:38+00:00 INFO Received invalid response from PayPal IPN
2019-05-06T21:27:38+00:00 INFO Error response: cURL error 6: Could not resolve host: www.paypal.com
2019-05-06T21:30:09+00:00 INFO Checking IPN response is valid
2019-05-06T21:30:09+00:00 INFO IPN Response: WP_Error Object
(
    [errors] => Array
        (
            [http_request_failed] => Array
                (
                    [0] => cURL error 6: Could not resolve host: www.paypal.com
                )

        )

    [error_data] => Array
        (
        )

)

2019-05-06T21:30:09+00:00 INFO Received invalid response from PayPal IPN
2019-05-06T21:30:09+00:00 INFO Error response: cURL error 6: Could not resolve host: www.paypal.com
2019-05-06T21:46:29+00:00 INFO Checking IPN response is valid
2019-05-06T21:46:29+00:00 INFO IPN Response: WP_Error Object
(
    [errors] => Array
        (
            [http_request_failed] => Array
                (
                    [0] => cURL error 6: Could not resolve host: www.paypal.com
                )

        )

    [error_data] => Array
        (
        )

)

2019-05-06T21:46:29+00:00 INFO Received invalid response from PayPal IPN
2019-05-06T21:46:29+00:00 INFO Error response: cURL error 6: Could not resolve host: www.paypal.com
2019-05-06T21:49:00+00:00 INFO Checking IPN response is valid
2019-05-06T21:49:00+00:00 INFO IPN Response: WP_Error Object
(
    [errors] => Array
        (
            [http_request_failed] => Array
                (
                    [0] => cURL error 6: Could not resolve host: www.paypal.com
                )

        )

    [error_data] => Array
        (
        )

)

2019-05-06T21:49:00+00:00 INFO Received invalid response from PayPal IPN
2019-05-06T21:49:00+00:00 INFO Error response: cURL error 6: Could not resolve host: www.paypal.com
2019-05-06T21:49:00+00:00 INFO Checking IPN response is valid
2019-05-06T21:49:00+00:00 INFO IPN Response: WP_Error Object
(
    [errors] => Array
        (
            [http_request_failed] => Array
                (
                    [0] => cURL error 6: Could not resolve host: www.paypal.com
                )

        )

    [error_data] => Array
        (
        )

)

2019-05-06T21:49:00+00:00 INFO Received invalid response from PayPal IPN
2019-05-06T21:49:00+00:00 INFO Error response: cURL error 6: Could not resolve host: www.paypal.com
2019-05-06T21:51:32+00:00 INFO Checking IPN response is valid
2019-05-06T21:51:32+00:00 INFO IPN Response: WP_Error Object
(
    [errors] => Array
        (
            [http_request_failed] => Array
                (
                    [0] => cURL error 6: Could not resolve host: www.paypal.com
                )

        )

    [error_data] => Array
        (
        )

)

2019-05-06T21:51:32+00:00 INFO Received invalid response from PayPal IPN
2019-05-06T21:51:32+00:00 INFO Error response: cURL error 6: Could not resolve host: www.paypal.com
2019-05-06T22:29:11+00:00 INFO Checking IPN response is valid
2019-05-06T22:29:11+00:00 INFO IPN Response: WP_Error Object
(
    [errors] => Array
        (
            [http_request_failed] => Array
                (
                    [0] => cURL error 6: Could not resolve host: www.paypal.com
                )

        )

    [error_data] => Array
        (
        )

)

2019-05-06T22:29:11+00:00 INFO Received invalid response from PayPal IPN
2019-05-06T22:29:11+00:00 INFO Error response: cURL error 6: Could not resolve host: www.paypal.com
2019-05-06T22:31:40+00:00 INFO Checking IPN response is valid
2019-05-06T22:31:40+00:00 INFO Checking IPN response is valid
2019-05-06T22:31:40+00:00 INFO IPN Response: WP_Error Object
(
    [errors] => Array
        (
            [http_request_failed] => Array
                (
                    [0] => cURL error 6: Could not resolve host: www.paypal.com
                )

        )

    [error_data] => Array
        (
        )

)

2019-05-06T22:31:40+00:00 INFO Received invalid response from PayPal IPN
2019-05-06T22:31:40+00:00 INFO Error response: cURL error 6: Could not resolve host: www.paypal.com
2019-05-06T22:31:40+00:00 INFO IPN Response: WP_Error Object
(
    [errors] => Array
        (
            [http_request_failed] => Array
                (
                    [0] => cURL error 6: Could not resolve host: www.paypal.com
                )

        )

    [error_data] => Array
        (
        )

)

2019-05-06T22:31:40+00:00 INFO Received invalid response from PayPal IPN
2019-05-06T22:31:40+00:00 INFO Error response: cURL error 6: Could not resolve host: www.paypal.com
2019-05-06T22:34:12+00:00 INFO Checking IPN response is valid
2019-05-06T22:34:12+00:00 INFO IPN Response: WP_Error Object
(
    [errors] => Array
        (
            [http_request_failed] => Array
                (
                    [0] => cURL error 6: Could not resolve host: www.paypal.com
                )

        )

    [error_data] => Array
        (
        )

)

2019-05-06T22:34:12+00:00 INFO Received invalid response from PayPal IPN
2019-05-06T22:34:12+00:00 INFO Error response: cURL error 6: Could not resolve host: www.paypal.com
2019-05-06T23:54:35+00:00 INFO Checking IPN response is valid
2019-05-06T23:54:35+00:00 INFO IPN Response: WP_Error Object
(
    [errors] => Array
        (
            [http_request_failed] => Array
                (
                    [0] => cURL error 6: Could not resolve host: www.paypal.com
                )

        )

    [error_data] => Array
        (
        )

)

2019-05-06T23:54:35+00:00 INFO Received invalid response from PayPal IPN
2019-05-06T23:54:35+00:00 INFO Error response: cURL error 6: Could not resolve host: www.paypal.com
2019-05-06T23:57:03+00:00 INFO Checking IPN response is valid
2019-05-06T23:57:03+00:00 INFO IPN Response: WP_Error Object
(
    [errors] => Array
        (
            [http_request_failed] => Array
                (
                    [0] => cURL error 6: Could not resolve host: www.paypal.com
                )

        )

    [error_data] => Array
        (
        )

)

2019-05-06T23:57:03+00:00 INFO Received invalid response from PayPal IPN
2019-05-06T23:57:03+00:00 INFO Error response: cURL error 6: Could not resolve host: www.paypal.com
2019-05-06T23:57:03+00:00 INFO Checking IPN response is valid
2019-05-06T23:57:03+00:00 INFO IPN Response: WP_Error Object
(
    [errors] => Array
        (
            [http_request_failed] => Array
                (
                    [0] => cURL error 6: Could not resolve host: www.paypal.com
                )

        )

    [error_data] => Array
        (
        )

)

2019-05-06T23:57:03+00:00 INFO Received invalid response from PayPal IPN
2019-05-06T23:57:03+00:00 INFO Error response: cURL error 6: Could not resolve host: www.paypal.com
2019-05-06T23:59:32+00:00 INFO Checking IPN response is valid
2019-05-06T23:59:32+00:00 INFO IPN Response: WP_Error Object
(
    [errors] => Array
        (
            [http_request_failed] => Array
                (
                    [0] => cURL error 6: Could not resolve host: www.paypal.com
                )

        )

    [error_data] => Array
        (
        )

)

2019-05-06T23:59:32+00:00 INFO Received invalid response from PayPal IPN
2019-05-06T23:59:32+00:00 INFO Error response: cURL error 6: Could not resolve host: www.paypal.com
