05-01-2019 @ 20:48:28 - WC_Gateway_PPEC_Client::_request: remote request to https://api-3t.paypal.com/nvp with params: Array
(
    [METHOD] => GetPalDetails
    [VERSION] => 120.0
    [USER] => davidraleche_api1.gmail.com
    [PWD] => DH2TRN2YWXSZHJW7
    [SIGNATURE] => A3bRZR02NkjaMI4eN8hdrCgwD5dAAfwRf0T5ysWZPWeJDwcR4pkc4NEZ
)

05-01-2019 @ 20:48:28 - WC_Gateway_PPEC_Client::_request: returns error: Array
(
    [ACK] => Failure
    [L_ERRORCODE0] => 3
    [L_SHORTMESSAGE0] => Error in WC_Gateway_PPEC_Client::_request
    [L_LONGMESSAGE0] => An error occurred while trying to connect to PayPal: cURL error 6: Could not resolve host: api-3t.paypal.com
    [L_SEVERITYCODE0] => Error
)

05-01-2019 @ 20:52:45 - WC_Gateway_PPEC_Client::_request: remote request to https://api-3t.paypal.com/nvp with params: Array
(
    [LOGOIMG] => 
    [HDRIMG] => 
    [PAGESTYLE] => 
    [BRANDNAME] => Raleche Technology
    [RETURNURL] => http://david.raleche.com/checkout/?woo-paypal-return=true
    [CANCELURL] => http://david.raleche.com/cart/?woo-paypal-cancel=true
    [LANDINGPAGE] => Login
    [SOLUTIONTYPE] => Sole
    [PAYMENTREQUEST_0_PAYMENTACTION] => sale
    [PAYMENTREQUEST_0_ALLOWEDPAYMENTMETHOD] => InstantPaymentOnly
    [PAYMENTREQUEST_0_INSURANCEAMT] => 0
    [PAYMENTREQUEST_0_HANDLINGAMT] => 0
    [PAYMENTREQUEST_0_CUSTOM] => 
    [PAYMENTREQUEST_0_INVNUM] => 
    [PAYMENTREQUEST_0_CURRENCYCODE] => USD
    [PAYMENTREQUEST_0_AMT] => 99
    [PAYMENTREQUEST_0_ITEMAMT] => 99
    [PAYMENTREQUEST_0_SHIPPINGAMT] => 0
    [PAYMENTREQUEST_0_TAXAMT] => 0
    [PAYMENTREQUEST_0_SHIPDISCAMT] => 0
    [NOSHIPPING] => 1
    [L_PAYMENTREQUEST_0_NAME0] => Backup your website
    [L_PAYMENTREQUEST_0_DESC0] => 
    [L_PAYMENTREQUEST_0_QTY0] => 1
    [L_PAYMENTREQUEST_0_AMT0] => 99
    [METHOD] => SetExpressCheckout
    [VERSION] => 120.0
    [USER] => davidraleche_api1.gmail.com
    [PWD] => DH2TRN2YWXSZHJW7
    [SIGNATURE] => A3bRZR02NkjaMI4eN8hdrCgwD5dAAfwRf0T5ysWZPWeJDwcR4pkc4NEZ
)

05-01-2019 @ 20:52:45 - WC_Gateway_PPEC_Client::_request: returns error: Array
(
    [ACK] => Failure
    [L_ERRORCODE0] => 3
    [L_SHORTMESSAGE0] => Error in WC_Gateway_PPEC_Client::_request
    [L_LONGMESSAGE0] => An error occurred while trying to connect to PayPal: cURL error 6: Could not resolve host: api-3t.paypal.com
    [L_SEVERITYCODE0] => Error
)

